<?xml version="1.0" encoding="UTF-8"?>
<!-- Generated by org.testng.reporters.JUnitReportReporter -->
<testsuite skipped="0" hostname="TaSoSsS-PC" name="com.apcoworldwide.qa.testcases.NewsPageTest" tests="2" failures="0" timestamp="19 Apr 2019 20:43:46 GMT" time="77.936" errors="0">
  <testcase name="linkListTest" time="49.549" classname="com.apcoworldwide.qa.testcases.NewsPageTest"/>
  <testcase name="verifyNewsPageTitleTest" time="28.387" classname="com.apcoworldwide.qa.testcases.NewsPageTest"/>
</testsuite> <!-- com.apcoworldwide.qa.testcases.NewsPageTest -->
