<?xml version="1.0" encoding="UTF-8"?>
<!-- Generated by org.testng.reporters.JUnitReportReporter -->
<testsuite skipped="0" hostname="TaSoSsS-PC" name="com.apcoworldwide.qa.testcases.PrivacyPolicyPageTest" tests="2" failures="0" timestamp="19 Apr 2019 20:43:46 GMT" time="61.904" errors="0">
  <testcase name="verifyLogoTest" time="29.497" classname="com.apcoworldwide.qa.testcases.PrivacyPolicyPageTest"/>
  <testcase name="verifyPrivacyPageTitleTest" time="32.407" classname="com.apcoworldwide.qa.testcases.PrivacyPolicyPageTest"/>
</testsuite> <!-- com.apcoworldwide.qa.testcases.PrivacyPolicyPageTest -->
