<?xml version="1.0" encoding="UTF-8"?>
<!-- Generated by org.testng.reporters.JUnitReportReporter -->
<testsuite skipped="0" hostname="TaSoSsS-PC" name="com.apcoworldwide.qa.testcases.InternAdvTest" tests="1" failures="0" timestamp="22 Απρ 2019 16:05:56 GMT" time="73.644" errors="0">
  <testcase name="VerifyHoverStateTest" time="73.644" classname="com.apcoworldwide.qa.testcases.InternAdvTest"/>
</testsuite> <!-- com.apcoworldwide.qa.testcases.InternAdvTest -->
