<?xml version="1.0" encoding="UTF-8"?>
<!-- Generated by org.testng.reporters.JUnitReportReporter -->
<testsuite skipped="0" hostname="TaSoSsS-PC" name="com.apcoworldwide.qa.testcases.ContactPageTest" tests="3" failures="0" timestamp="19 Apr 2019 20:43:46 GMT" time="160.066" errors="0">
  <testcase name="verifyLogoTest" time="43.861" classname="com.apcoworldwide.qa.testcases.ContactPageTest"/>
  <testcase name="verifyContactPageTitleTest" time="33.501" classname="com.apcoworldwide.qa.testcases.ContactPageTest"/>
  <testcase name="linkListTest" time="82.704" classname="com.apcoworldwide.qa.testcases.ContactPageTest"/>
</testsuite> <!-- com.apcoworldwide.qa.testcases.ContactPageTest -->
