<?xml version="1.0" encoding="UTF-8"?>
<!-- Generated by org.testng.reporters.JUnitReportReporter -->
<testsuite skipped="0" hostname="TaSoSsS-PC" name="com.apcoworldwide.qa.testcases.BlogPageTest" tests="3" failures="0" timestamp="19 Apr 2019 20:43:46 GMT" time="131.844" errors="0">
  <testcase name="verifyBlogPageTitleTest" time="30.411" classname="com.apcoworldwide.qa.testcases.BlogPageTest"/>
  <testcase name="verifyLogoTest" time="32.573" classname="com.apcoworldwide.qa.testcases.BlogPageTest"/>
  <testcase name="linkListTest" time="68.860" classname="com.apcoworldwide.qa.testcases.BlogPageTest"/>
</testsuite> <!-- com.apcoworldwide.qa.testcases.BlogPageTest -->
