<?xml version="1.0" encoding="UTF-8"?>
<!-- Generated by org.testng.reporters.JUnitReportReporter -->
<testsuite skipped="0" hostname="TaSoSsS-PC" name="com.apcoworldwide.qa.testcases.AboutPageTest" tests="3" failures="0" timestamp="19 Apr 2019 20:43:46 GMT" time="136.541" errors="0">
  <testcase name="linkListTest" time="52.855" classname="com.apcoworldwide.qa.testcases.AboutPageTest"/>
  <testcase name="verifyLogoTest" time="31.382" classname="com.apcoworldwide.qa.testcases.AboutPageTest"/>
  <testcase name="verifyAboutPageTitleTest" time="52.304" classname="com.apcoworldwide.qa.testcases.AboutPageTest"/>
</testsuite> <!-- com.apcoworldwide.qa.testcases.AboutPageTest -->
